<?xml version='1.0'?>
<ns2:test-suite xmlns:ns2='urn:model.allure.qatools.yandex.ru' start='1630717150420' stop='1630717151764'>
    <name>Ecommerce application</name>
    <title>Ecommerce application</title>
    <test-cases>
        <test-case start='1630717150420' status='passed' stop='1630717151763'>
            <name>Login page title</name>
            <title>Login page title</title>
            <labels>
                <label name='language' value='javascript'/>
                <label name='framework' value='wdio'/>
                <label name='thread' value='0-1'/>
            </labels>
            <parameters>
                <parameter kind='argument' name='browser' value='chrome-92.0.4515.159'/>
            </parameters>
            <steps>
                <step start='1630717150425' status='passed' stop='1630717151748'>
                    <name>POST /session/:sessionId/url</name>
                    <title>POST /session/:sessionId/url</title>
                    <attachments>
                        <attachment title='Request' source='bdf00461-d233-442b-a646-dfac1c86145b-attachment.json' type='application/json' size='55'/>
                    </attachments>
                    <steps/>
                </step>
                <step start='1630717151752' status='passed' stop='1630717151760'>
                    <name>GET /session/:sessionId/title</name>
                    <title>GET /session/:sessionId/title</title>
                    <attachments>
                        <attachment title='Response' source='00d6caf1-bf69-4c95-abe5-042618a42441-attachment.json' type='application/json' size='14'/>
                    </attachments>
                    <steps/>
                </step>
            </steps>
            <attachments/>
        </test-case>
        <test-case start='1630717151764' status='pending' stop='1630717151764'>
            <name>Login Fail page title Smoke</name>
            <title>Login Fail page title Smoke</title>
            <labels/>
            <parameters/>
            <steps/>
            <attachments/>
            <failure>
                <message>Test ignored</message>
                <stack-trace>undefined</stack-trace>
            </failure>
        </test-case>
        <test-case start='1630717151764' status='pending' stop='1630717151764'>
            <name>Login Success page title</name>
            <title>Login Success page title</title>
            <labels/>
            <parameters/>
            <steps/>
            <attachments/>
            <failure>
                <message>Test ignored</message>
                <stack-trace>undefined</stack-trace>
            </failure>
        </test-case>
    </test-cases>
</ns2:test-suite>